{
  "totalCommits": 3,
  "lastSync": "2026-07-15T06:49:03.742Z",
  "logs": [
    {
      "id": "1784146073922-8m638u",
      "timestamp": "2026-07-15T06:49:03.742Z",
      "commitHash": "pending",
      "commitIndex": 1,
      "totalInRun": 5,
      "message": "refactor(graph): sync daily contribution metrics [Index 1/5]",
      "status": "SUCCESS"
    },
    {
      "id": "1784144669906-hw0lpu",
      "timestamp": "2026-07-15T14:13:26.788Z",
      "commitHash": "pending",
      "commitIndex": 2,
      "totalInRun": 2,
      "message": "chore(auto): maintain daily activity ledger [Index 2/2]",
      "status": "SUCCESS"
    },
    {
      "id": "1784144665990-yjkpsi",
      "timestamp": "2026-07-15T09:17:00.428Z",
      "commitHash": "5435c4addeee9b1587985f8d1013657858a1b98d",
      "commitIndex": 1,
      "totalInRun": 2,
      "message": "refactor(graph): sync daily contribution metrics [Index 1/2]",
      "status": "SUCCESS"
    }
  ]
}